<?xml version="1.0" encoding="UTF-8"?>
<testng-results ignored="0" total="1" passed="1" failed="0" skipped="0">
  <reporter-output>
  </reporter-output>
  <suite started-at="2022-02-12T17:51:40Z" name="Default suite" finished-at="2022-02-12T17:51:43Z" duration-ms="2739">
    <groups>
    </groups>
    <test started-at="2022-02-12T17:51:40Z" name="Default test" finished-at="2022-02-12T17:51:43Z" duration-ms="2739">
      <class name="com.google.FirstTest">
        <test-method is-config="true" signature="beforeTest()[pri:0, instance:com.google.FirstTest@436c81a3]" started-at="2022-02-12T17:51:40Z" name="beforeTest" finished-at="2022-02-12T17:51:40Z" duration-ms="6" status="PASS">
          <reporter-output>
          </reporter-output>
        </test-method> <!-- beforeTest -->
        <test-method signature="googleTest()[pri:0, instance:com.google.FirstTest@436c81a3]" started-at="2022-02-12T17:51:40Z" name="googleTest" finished-at="2022-02-12T17:51:43Z" duration-ms="2564" status="PASS">
          <reporter-output>
          </reporter-output>
        </test-method> <!-- googleTest -->
        <test-method is-config="true" signature="afterTest()[pri:0, instance:com.google.FirstTest@436c81a3]" started-at="2022-02-12T17:51:43Z" name="afterTest" finished-at="2022-02-12T17:51:43Z" duration-ms="157" status="PASS">
          <reporter-output>
          </reporter-output>
        </test-method> <!-- afterTest -->
      </class> <!-- com.google.FirstTest -->
    </test> <!-- Default test -->
  </suite> <!-- Default suite -->
</testng-results>
