<?xml version="1.0" encoding="UTF-8"?>
<testng-results ignored="0" total="1" passed="0" failed="1" skipped="0">
  <reporter-output>
    <line>
      <![CDATA[Open Browser "OrangeHRM" web page]]>
    </line>
    <line>
      <![CDATA[Enter Username, Password and click Login]]>
    </line>
    <line>
      <![CDATA[Validate that you have logged in successfully]]>
    </line>
    <line>
      <![CDATA[Click Admin - Go to the admin page]]>
    </line>
    <line>
      <![CDATA[Search username in field "Username"]]>
    </line>
    <line>
      <![CDATA[Click Search]]>
    </line>
    <line>
      <![CDATA[Verify username exist in table]]>
    </line>
    <line>
      <![CDATA[Select User]]>
    </line>
    <line>
      <![CDATA[Click Delete]]>
    </line>
    <line>
      <![CDATA[Validate pop-window is displayed: "Delete Records?"]]>
    </line>
  </reporter-output>
  <suite started-at="2022-03-02T04:42:23Z" name="Default suite" finished-at="2022-03-02T04:42:35Z" duration-ms="11478">
    <groups>
    </groups>
    <test started-at="2022-03-02T04:42:23Z" name="Default test" finished-at="2022-03-02T04:42:35Z" duration-ms="11478">
      <class name="com.opensource.qa.SeleniumEj4">
        <test-method is-config="true" signature="beforeTest()[pri:0, instance:com.opensource.qa.SeleniumEj4@436c81a3]" started-at="2022-03-02T04:42:23Z" name="beforeTest" finished-at="2022-03-02T04:42:23Z" duration-ms="7" status="PASS">
          <reporter-output>
          </reporter-output>
        </test-method> <!-- beforeTest -->
        <test-method signature="TC004_Admin_DeleteUser()[pri:0, instance:com.opensource.qa.SeleniumEj4@436c81a3]" started-at="2022-03-02T04:42:23Z" name="TC004_Admin_DeleteUser" finished-at="2022-03-02T04:42:35Z" duration-ms="11456" status="FAIL">
          <exception class="org.openqa.selenium.ElementClickInterceptedException">
            <message>
              <![CDATA[element click intercepted: Element <input type="submit" class="delete" id="btnDelete" name="btnDelete" value="Delete" data-toggle="modal" data-target="#deleteConfModal"> is not clickable at point (151, 422). Other element would receive the click: <div class="modal-backdrop in"></div>
  (Session info: chrome=98.0.4758.109)
Build info: version: '3.141.59', revision: 'e82be7d358', time: '2018-11-14T08:17:03'
System info: host: 'MacBook-Pro-de-Ivan.local', ip: 'fe80:0:0:0:1c28:eeb:f949:766b%en0', os.name: 'Mac OS X', os.arch: 'x86_64', os.version: '11.2', java.version: '17.0.1'
Driver info: org.openqa.selenium.chrome.ChromeDriver
Capabilities {acceptInsecureCerts: false, browserName: chrome, browserVersion: 98.0.4758.109, chrome: {chromedriverVersion: 97.0.4692.71 (adefa7837d02a..., userDataDir: /var/folders/7f/2c75w0453bl...}, goog:chromeOptions: {debuggerAddress: localhost:57048}, javascriptEnabled: true, networkConnectionEnabled: false, pageLoadStrategy: normal, platform: MAC, platformName: MAC, proxy: Proxy(), setWindowRect: true, strictFileInteractability: false, timeouts: {implicit: 0, pageLoad: 300000, script: 30000}, unhandledPromptBehavior: dismiss and notify, webauthn:extension:credBlob: true, webauthn:extension:largeBlob: true, webauthn:virtualAuthenticators: true}
Session ID: eb8d1f68c88696a832e7f1a922f3e5fc]]>
            </message>
            <full-stacktrace>
              <![CDATA[org.openqa.selenium.ElementClickInterceptedException: element click intercepted: Element <input type="submit" class="delete" id="btnDelete" name="btnDelete" value="Delete" data-toggle="modal" data-target="#deleteConfModal"> is not clickable at point (151, 422). Other element would receive the click: <div class="modal-backdrop in"></div>
  (Session info: chrome=98.0.4758.109)
Build info: version: '3.141.59', revision: 'e82be7d358', time: '2018-11-14T08:17:03'
System info: host: 'MacBook-Pro-de-Ivan.local', ip: 'fe80:0:0:0:1c28:eeb:f949:766b%en0', os.name: 'Mac OS X', os.arch: 'x86_64', os.version: '11.2', java.version: '17.0.1'
Driver info: org.openqa.selenium.chrome.ChromeDriver
Capabilities {acceptInsecureCerts: false, browserName: chrome, browserVersion: 98.0.4758.109, chrome: {chromedriverVersion: 97.0.4692.71 (adefa7837d02a..., userDataDir: /var/folders/7f/2c75w0453bl...}, goog:chromeOptions: {debuggerAddress: localhost:57048}, javascriptEnabled: true, networkConnectionEnabled: false, pageLoadStrategy: normal, platform: MAC, platformName: MAC, proxy: Proxy(), setWindowRect: true, strictFileInteractability: false, timeouts: {implicit: 0, pageLoad: 300000, script: 30000}, unhandledPromptBehavior: dismiss and notify, webauthn:extension:credBlob: true, webauthn:extension:largeBlob: true, webauthn:virtualAuthenticators: true}
Session ID: eb8d1f68c88696a832e7f1a922f3e5fc
at java.base/jdk.internal.reflect.NativeConstructorAccessorImpl.newInstance0(Native Method)
at java.base/jdk.internal.reflect.NativeConstructorAccessorImpl.newInstance(NativeConstructorAccessorImpl.java:77)
at java.base/jdk.internal.reflect.DelegatingConstructorAccessorImpl.newInstance(DelegatingConstructorAccessorImpl.java:45)
at java.base/java.lang.reflect.Constructor.newInstanceWithCaller(Constructor.java:499)
at java.base/java.lang.reflect.Constructor.newInstance(Constructor.java:480)
at org.openqa.selenium.remote.http.W3CHttpResponseCodec.createException(W3CHttpResponseCodec.java:187)
at org.openqa.selenium.remote.http.W3CHttpResponseCodec.decode(W3CHttpResponseCodec.java:122)
at org.openqa.selenium.remote.http.W3CHttpResponseCodec.decode(W3CHttpResponseCodec.java:49)
at org.openqa.selenium.remote.HttpCommandExecutor.execute(HttpCommandExecutor.java:158)
at org.openqa.selenium.remote.service.DriverCommandExecutor.execute(DriverCommandExecutor.java:83)
at org.openqa.selenium.remote.RemoteWebDriver.execute(RemoteWebDriver.java:552)
at org.openqa.selenium.remote.RemoteWebElement.execute(RemoteWebElement.java:285)
at org.openqa.selenium.remote.RemoteWebElement.click(RemoteWebElement.java:84)
at com.opensource.qa.SeleniumEj4.TC004_Admin_DeleteUser(SeleniumEj4.java:88)
at java.base/jdk.internal.reflect.NativeMethodAccessorImpl.invoke0(Native Method)
at java.base/jdk.internal.reflect.NativeMethodAccessorImpl.invoke(NativeMethodAccessorImpl.java:77)
at java.base/jdk.internal.reflect.DelegatingMethodAccessorImpl.invoke(DelegatingMethodAccessorImpl.java:43)
at java.base/java.lang.reflect.Method.invoke(Method.java:568)
at org.testng.internal.MethodInvocationHelper.invokeMethod(MethodInvocationHelper.java:124)
at org.testng.internal.Invoker.invokeMethod(Invoker.java:583)
at org.testng.internal.Invoker.invokeTestMethod(Invoker.java:719)
at org.testng.internal.Invoker.invokeTestMethods(Invoker.java:989)
at org.testng.internal.TestMethodWorker.invokeTestMethods(TestMethodWorker.java:125)
at org.testng.internal.TestMethodWorker.run(TestMethodWorker.java:109)
at org.testng.TestRunner.privateRun(TestRunner.java:648)
at org.testng.TestRunner.run(TestRunner.java:505)
at org.testng.SuiteRunner.runTest(SuiteRunner.java:455)
at org.testng.SuiteRunner.runSequentially(SuiteRunner.java:450)
at org.testng.SuiteRunner.privateRun(SuiteRunner.java:415)
at org.testng.SuiteRunner.run(SuiteRunner.java:364)
at org.testng.SuiteRunnerWorker.runSuite(SuiteRunnerWorker.java:52)
at org.testng.SuiteRunnerWorker.run(SuiteRunnerWorker.java:84)
at org.testng.TestNG.runSuitesSequentially(TestNG.java:1208)
at org.testng.TestNG.runSuitesLocally(TestNG.java:1137)
at org.testng.TestNG.runSuites(TestNG.java:1049)
at org.testng.TestNG.run(TestNG.java:1017)
at org.testng.remote.AbstractRemoteTestNG.run(AbstractRemoteTestNG.java:115)
at org.testng.remote.RemoteTestNG.initAndRun(RemoteTestNG.java:251)
at org.testng.remote.RemoteTestNG.main(RemoteTestNG.java:77)
]]>
            </full-stacktrace>
          </exception> <!-- org.openqa.selenium.ElementClickInterceptedException -->
          <reporter-output>
            <line>
              <![CDATA[Open Browser "OrangeHRM" web page]]>
            </line>
            <line>
              <![CDATA[Enter Username, Password and click Login]]>
            </line>
            <line>
              <![CDATA[Validate that you have logged in successfully]]>
            </line>
            <line>
              <![CDATA[Click Admin - Go to the admin page]]>
            </line>
            <line>
              <![CDATA[Search username in field "Username"]]>
            </line>
            <line>
              <![CDATA[Click Search]]>
            </line>
            <line>
              <![CDATA[Verify username exist in table]]>
            </line>
            <line>
              <![CDATA[Select User]]>
            </line>
            <line>
              <![CDATA[Click Delete]]>
            </line>
            <line>
              <![CDATA[Validate pop-window is displayed: "Delete Records?"]]>
            </line>
          </reporter-output>
        </test-method> <!-- TC004_Admin_DeleteUser -->
        <test-method is-config="true" signature="afterTest()[pri:0, instance:com.opensource.qa.SeleniumEj4@436c81a3]" started-at="2022-03-02T04:42:35Z" name="afterTest" finished-at="2022-03-02T04:42:35Z" duration-ms="0" status="PASS">
          <reporter-output>
          </reporter-output>
        </test-method> <!-- afterTest -->
      </class> <!-- com.opensource.qa.SeleniumEj4 -->
    </test> <!-- Default test -->
  </suite> <!-- Default suite -->
</testng-results>
